[    0.000000] Initializing cgroup subsys cpuset
[    0.000000] Initializing cgroup subsys cpu
[    0.000000] Initializing cgroup subsys cpuacct
[    0.000000] Linux version 4.4.0-210-generic (buildd@lgw01-amd64-009) (gcc version 5.4.0 20160609 (Ubuntu 5.4.0-6ubuntu1~16.04.12) ) #242-Ubuntu SMP Fri Apr 16 09:57:56 UTC 2021 (Ubuntu 4.4.0-210.242-generic 4.4.262)
[    0.000000] Command line: BOOT_IMAGE=/boot/vmlinuz-4.4.0-210-generic root=LABEL=cloudimg-rootfs ro console=tty1 console=ttyS0
[    0.000000] KERNEL supported cpus:
[    0.000000]   Intel GenuineIntel
[    0.000000]   AMD AuthenticAMD
[    0.000000]   Centaur CentaurHauls
[    0.000000] x86/fpu: Legacy x87 FPU detected.
[    0.000000] e820: BIOS-provided physical RAM map:
[    0.000000] BIOS-e820: [mem 0x0000000000000000-0x000000000009fbff] usable
[    0.000000] BIOS-e820: [mem 0x000000000009fc00-0x000000000009ffff] reserved
[    0.000000] BIOS-e820: [mem 0x00000000000f0000-0x00000000000fffff] reserved
[    0.000000] BIOS-e820: [mem 0x0000000000100000-0x000000003ffeffff] usable
[    0.000000] BIOS-e820: [mem 0x000000003fff0000-0x000000003fffffff] ACPI data
[    0.000000] BIOS-e820: [mem 0x00000000fec00000-0x00000000fec00fff] reserved
[    0.000000] BIOS-e820: [mem 0x00000000fee00000-0x00000000fee00fff] reserved
[    0.000000] BIOS-e820: [mem 0x00000000fffc0000-0x00000000ffffffff] reserved
[    0.000000] NX (Execute Disable) protection: active
[    0.000000] SMBIOS 2.5 present.
[    0.000000] Hypervisor detected: KVM
[    0.000000] Kernel/User page tables isolation: disabled
[    0.000000] e820: last_pfn = 0x3fff0 max_arch_pfn = 0x400000000
[    0.000000] MTRR: Disabled
[    0.000000] x86/PAT: MTRRs disabled, skipping PAT initialization too.
[    0.000000] CPU MTRRs all blank - virtualized system.
[    0.000000] x86/PAT: Configuration [0-7]: WB  WT  UC- UC  WB  WT  UC- UC  
[    0.000000] found SMP MP-table at [mem 0x0009fff0-0x0009ffff] mapped at [ffff88000009fff0]
[    0.000000] Scanning 1 areas for low memory corruption
[    0.000000] RAMDISK: [mem 0x362dc000-0x37165fff]
[    0.000000] ACPI: Early table checksum verification disabled
[    0.000000] ACPI: RSDP 0x00000000000E0000 000024 (v02 VBOX  )
[    0.000000] ACPI: XSDT 0x000000003FFF0030 00003C (v01 VBOX   VBOXXSDT 00000001 ASL  00000061)
[    0.000000] ACPI: FACP 0x000000003FFF00F0 0000F4 (v04 VBOX   VBOXFACP 00000001 ASL  00000061)
[    0.000000] ACPI: DSDT 0x000000003FFF0610 002353 (v02 VBOX   VBOXBIOS 00000002 INTL 20100528)
[    0.000000] ACPI: FACS 0x000000003FFF0200 000040
[    0.000000] ACPI: FACS 0x000000003FFF0200 000040
[    0.000000] ACPI: APIC 0x000000003FFF0240 00005C (v02 VBOX   VBOXAPIC 00000001 ASL  00000061)
[    0.000000] ACPI: SSDT 0x000000003FFF02A0 00036C (v01 VBOX   VBOXCPUT 00000002 INTL 20100528)
[    0.000000] No NUMA configuration found
[    0.000000] Faking a node at [mem 0x0000000000000000-0x000000003ffeffff]
[    0.000000] NODE_DATA(0) allocated [mem 0x3ffeb000-0x3ffeffff]
[    0.000000] kvm-clock: Using msrs 4b564d01 and 4b564d00
[    0.000000] kvm-clock: cpu 0, msr 0:3ffe3001, primary cpu clock
[    0.000000] kvm-clock: using sched offset of 5477242394 cycles
[    0.000000] clocksource: kvm-clock: mask: 0xffffffffffffffff max_cycles: 0x1cd42e4dffb, max_idle_ns: 881590591483 ns
[    0.000000] Zone ranges:
[    0.000000]   DMA      [mem 0x0000000000001000-0x0000000000ffffff]
[    0.000000]   DMA32    [mem 0x0000000001000000-0x000000003ffeffff]
[    0.000000]   Normal   empty
[    0.000000]   Device   empty
[    0.000000] Movable zone start for each node
[    0.000000] Early memory node ranges
[    0.000000]   node   0: [mem 0x0000000000001000-0x000000000009efff]
[    0.000000]   node   0: [mem 0x0000000000100000-0x000000003ffeffff]
[    0.000000] Initmem setup node 0 [mem 0x0000000000001000-0x000000003ffeffff]
[    0.000000] ACPI: PM-Timer IO Port: 0x4008
[    0.000000] IOAPIC[0]: apic_id 2, version 32, address 0xfec00000, GSI 0-23
[    0.000000] ACPI: INT_SRC_OVR (bus 0 bus_irq 0 global_irq 2 dfl dfl)
[    0.000000] ACPI: INT_SRC_OVR (bus 0 bus_irq 9 global_irq 9 low level)
[    0.000000] Using ACPI (MADT) for SMP configuration information
[    0.000000] smpboot: Allowing 2 CPUs, 0 hotplug CPUs
[    0.000000] PM: Registered nosave memory: [mem 0x00000000-0x00000fff]
[    0.000000] PM: Registered nosave memory: [mem 0x0009f000-0x0009ffff]
[    0.000000] PM: Registered nosave memory: [mem 0x000a0000-0x000effff]
[    0.000000] PM: Registered nosave memory: [mem 0x000f0000-0x000fffff]
[    0.000000] e820: [mem 0x40000000-0xfebfffff] available for PCI devices
[    0.000000] Booting paravirtualized kernel on KVM
[    0.000000] clocksource: refined-jiffies: mask: 0xffffffff max_cycles: 0xffffffff, max_idle_ns: 7645519600211568 ns
[    0.000000] setup_percpu: NR_CPUS:512 nr_cpumask_bits:512 nr_cpu_ids:2 nr_node_ids:1
[    0.000000] PERCPU: Embedded 33 pages/cpu @ffff88003fc00000 s95192 r8192 d31784 u1048576
[    0.000000] Built 1 zonelists in Node order, mobility grouping on.  Total pages: 257912
[    0.000000] Policy zone: DMA32
[    0.000000] Kernel command line: BOOT_IMAGE=/boot/vmlinuz-4.4.0-210-generic root=LABEL=cloudimg-rootfs ro console=tty1 console=ttyS0
[    0.000000] PID hash table entries: 4096 (order: 3, 32768 bytes)
[    0.000000] Memory: 997792K/1048120K available (8644K kernel code, 1332K rwdata, 4044K rodata, 1492K init, 1164K bss, 50328K reserved, 0K cma-reserved)
[    0.000000] SLUB: HWalign=64, Order=0-3, MinObjects=0, CPUs=2, Nodes=1
[    0.000000] Hierarchical RCU implementation.
[    0.000000] 	Build-time adjustment of leaf fanout to 64.
[    0.000000] 	RCU restricting CPUs from NR_CPUS=512 to nr_cpu_ids=2.
[    0.000000] RCU: Adjusting geometry for rcu_fanout_leaf=64, nr_cpu_ids=2
[    0.000000] NR_IRQS:33024 nr_irqs:440 16
[    0.000000] Console: colour VGA+ 80x25
[    0.000000] console [tty1] enabled
[    0.000000] console [ttyS0] enabled
[    0.000000] tsc: Detected 2611.210 MHz processor
[    1.845859] Calibrating delay loop (skipped) preset value.. 5222.42 BogoMIPS (lpj=10444840)
[    1.880790] pid_max: default: 32768 minimum: 301
[    1.897554] ACPI: Core revision 20150930
[    1.920739] ACPI: 2 ACPI AML tables successfully acquired and loaded
[    1.948137] Security Framework initialized
[    1.960830] Yama: becoming mindful.
[    1.973099] AppArmor: AppArmor initialized
[    1.991470] Dentry cache hash table entries: 131072 (order: 8, 1048576 bytes)
[    2.039988] Inode-cache hash table entries: 65536 (order: 7, 524288 bytes)
[    2.077236] Mount-cache hash table entries: 2048 (order: 2, 16384 bytes)
[    2.108947] Mountpoint-cache hash table entries: 2048 (order: 2, 16384 bytes)
[    2.141325] Initializing cgroup subsys io
[    2.160995] Initializing cgroup subsys memory
[    2.181736] Initializing cgroup subsys devices
[    2.201778] Initializing cgroup subsys freezer
[    2.218765] Initializing cgroup subsys net_cls
[    2.238834] Initializing cgroup subsys perf_event
[    2.262556] Initializing cgroup subsys net_prio
[    2.284459] Initializing cgroup subsys hugetlb
[    2.303247] Initializing cgroup subsys pids
[    2.331517] mce: CPU supports 0 MCE banks
[    2.351385] Last level iTLB entries: 4KB 0, 2MB 0, 4MB 0
[    2.377589] Last level dTLB entries: 4KB 0, 2MB 0, 4MB 0, 1GB 0
[    2.405178] Spectre V1 : Mitigation: usercopy/swapgs barriers and __user pointer sanitization
[    2.444256] Spectre V2 : Mitigation: Enhanced IBRS
[    2.468258] Spectre V2 : Spectre v2 / SpectreRSB mitigation: Filling RSB on context switch
[    2.501077] Speculative Store Bypass: Vulnerable
[    2.648616] Freeing SMP alternatives memory: 36K
[    2.959003] ftrace: allocating 32380 entries in 127 pages
[    4.785001] smpboot: APIC(0) Converting physical 0 to logical package 0
[    4.809921] smpboot: Max logical packages: 1
[    4.869828] ..TIMER: vector=0x30 apic1=0 pin1=2 apic2=-1 pin2=-1
[    4.996351] APIC calibration not consistent with PM-Timer: 102ms instead of 100ms
[    5.022215] APIC delta adjusted to PM-Timer: 6298410 (6480842)
[    5.043415] smpboot: CPU0: 12th Gen Intel(R) Core(TM) i7-1255U (family: 0x6, model: 0x9a, stepping: 0x4)
[    5.079715] Performance Events: unsupported p6 CPU model 154 no PMU driver, software events only.
[    5.385556] KVM setup paravirtual spinlock
[    5.408831] x86: Booting SMP configuration:
[    5.424445] .... node  #0, CPUs:      #1
[    5.442664] kvm-clock: cpu 1, msr 0:3ffe3041, secondary cpu clock
[    5.468922] mce: CPU supports 0 MCE banks
[    5.481093] x86: Booted up 1 node, 2 CPUs
[    5.496351] smpboot: Total of 2 processors activated (10444.84 BogoMIPS)
[    5.532885] devtmpfs: initialized
[    5.548807] evm: security.selinux
[    5.561196] evm: security.SMACK64
[    5.572939] evm: security.SMACK64EXEC
[    5.585663] evm: security.SMACK64TRANSMUTE
[    5.599527] evm: security.SMACK64MMAP
[    5.612558] evm: security.ima
[    5.623741] evm: security.capability
[    5.638645] clocksource: jiffies: mask: 0xffffffff max_cycles: 0xffffffff, max_idle_ns: 7645041785100000 ns
[    5.672522] futex hash table entries: 512 (order: 3, 32768 bytes)
[    5.696456] pinctrl core: initialized pinctrl subsystem
[    5.715945] RTC time: 13:20:47, date: 03/06/23
[    5.734831] NET: Registered protocol family 16
[    5.762820] cpuidle: using governor ladder
[    5.786280] cpuidle: using governor menu
[    5.801380] PCCT header not found.
[    5.813655] ACPI: bus type PCI registered
[    5.828636] acpiphp: ACPI Hot Plug PCI Controller Driver version: 0.5
[    5.852643] PCI: Using configuration type 1 for base access
[    5.901106] ACPI: Added _OSI(Module Device)
[    5.916374] ACPI: Added _OSI(Processor Device)
[    5.931388] ACPI: Added _OSI(3.0 _SCP Extensions)
[    5.944377] ACPI: Added _OSI(Processor Aggregator Device)
[    5.962558] ACPI: Executed 1 blocks of module-level executable AML code
[    5.988851] ACPI: Interpreter enabled
[    5.999126] ACPI: (supports S0 S5)
[    6.009220] ACPI: Using IOAPIC for interrupt routing
[    6.024254] PCI: Using host bridge windows from ACPI; if necessary, use "pci=nocrs" and report a bug
[    6.076950] ACPI: PCI Root Bridge [PCI0] (domain 0000 [bus 00-ff])
[    6.098873] acpi PNP0A03:00: _OSC: OS supports [ASPM ClockPM Segments MSI]
[    6.123582] acpi PNP0A03:00: _OSC: not requesting OS control; OS requires [ExtendedConfig ASPM ClockPM MSI]
[    6.152007] acpi PNP0A03:00: fail to add MMCONFIG information, can't access extended PCI configuration space under this bridge.
[    6.192023] PCI host bridge to bus 0000:00
[    6.206149] pci_bus 0000:00: root bus resource [io  0x0000-0x0cf7 window]
[    6.226975] pci_bus 0000:00: root bus resource [io  0x0d00-0xffff window]
[    6.250166] pci_bus 0000:00: root bus resource [mem 0x000a0000-0x000bffff window]
[    6.275418] pci_bus 0000:00: root bus resource [mem 0x40000000-0xfdffffff window]
[    6.302679] pci_bus 0000:00: root bus resource [bus 00-ff]
[    6.346761] pci 0000:00:01.1: legacy IDE quirk: reg 0x10: [io  0x01f0-0x01f7]
[    6.370874] pci 0000:00:01.1: legacy IDE quirk: reg 0x14: [io  0x03f6]
[    6.394492] pci 0000:00:01.1: legacy IDE quirk: reg 0x18: [io  0x0170-0x0177]
[    6.418986] pci 0000:00:01.1: legacy IDE quirk: reg 0x1c: [io  0x0376]
[    6.485035] pci 0000:00:07.0: quirk: [io  0x4000-0x403f] claimed by PIIX4 ACPI
[    6.523912] pci 0000:00:07.0: quirk: [io  0x4100-0x410f] claimed by PIIX4 SMB
[    6.581930] ACPI: PCI Interrupt Link [LNKA] (IRQs 5 9 10 *11)
[    6.621321] ACPI: PCI Interrupt Link [LNKB] (IRQs 5 9 *10 11)
[    6.656181] ACPI: PCI Interrupt Link [LNKC] (IRQs 5 *9 10 11)
[    6.752230] ACPI: PCI Interrupt Link [LNKD] (IRQs 5 9 10 *11)
[    6.790276] ACPI: Enabled 2 GPEs in block 00 to 07
[    6.814113] vgaarb: setting as boot device: PCI:0000:00:02.0
[    6.835222] vgaarb: device added: PCI:0000:00:02.0,decodes=io+mem,owns=io+mem,locks=none
[    6.865635] vgaarb: loaded
[    6.877718] vgaarb: bridge control possible 0000:00:02.0
[    6.899376] SCSI subsystem initialized
[    6.917228] ACPI: bus type USB registered
[    6.933017] usbcore: registered new interface driver usbfs
[    6.954987] usbcore: registered new interface driver hub
[    6.975233] usbcore: registered new device driver usb
[    6.998996] PCI: Using ACPI for IRQ routing
[    7.016982] NetLabel: Initializing
[    7.027806] NetLabel:  domain hash size = 128
[    7.040183] NetLabel:  protocols = UNLABELED CIPSOv4
[    7.055551] NetLabel:  unlabeled traffic allowed by default
[    7.070161] amd_nb: Cannot enumerate AMD northbridges
[    7.083786] clocksource: Switched to clocksource kvm-clock
[    7.195142] AppArmor: AppArmor Filesystem Enabled
[    7.212905] pnp: PnP ACPI init
[    7.231805] pnp: PnP ACPI: found 3 devices
[    7.264039] clocksource: acpi_pm: mask: 0xffffff max_cycles: 0xffffff, max_idle_ns: 2085701024 ns
[    7.294561] NET: Registered protocol family 2
[    7.313772] TCP established hash table entries: 8192 (order: 4, 65536 bytes)
[    7.339980] TCP bind hash table entries: 8192 (order: 5, 131072 bytes)
[    7.365311] TCP: Hash tables configured (established 8192 bind 8192)
[    7.389208] UDP hash table entries: 512 (order: 2, 16384 bytes)
[    7.410425] UDP-Lite hash table entries: 512 (order: 2, 16384 bytes)
[    7.433900] NET: Registered protocol family 1
[    7.451511] pci 0000:00:00.0: Limiting direct PCI/PCI transfers
[    7.473972] pci 0000:00:01.0: Activating ISA DMA hang workarounds
[    7.497846] Unpacking initramfs...
[    8.439295] Freeing initrd memory: 14888K
[    8.463570] clocksource: tsc: mask: 0xffffffffffffffff max_cycles: 0x25a399d04c4, max_idle_ns: 440795206293 ns
[    8.508053] platform rtc_cmos: registered platform RTC device (no PNP device found)
[    8.541372] Scanning for low memory corruption every 60 seconds
[    8.571577] audit: initializing netlink subsys (disabled)
[    8.592789] audit: type=2000 audit(1678108852.698:1): initialized
[    8.616195] Initialise system trusted keyring
[    8.634184] HugeTLB registered 2 MB page size, pre-allocated 0 pages
[    8.661779] zbud: loaded
[    8.675723] VFS: Disk quotas dquot_6.6.0
[    8.692024] VFS: Dquot-cache hash table entries: 512 (order 0, 4096 bytes)
[    8.718958] squashfs: version 4.0 (2009/01/31) Phillip Lougher
[    8.745613] fuse init (API version 7.23)
[    8.762585] Key type big_key registered
[    8.777928] Allocating IMA MOK and blacklist keyrings.
[    8.822918] Key type asymmetric registered
[    8.837659] Asymmetric key parser 'x509' registered
[    8.850276] Block layer SCSI generic (bsg) driver version 0.4 loaded (major 249)
[    8.881276] io scheduler noop registered
[    8.896687] io scheduler deadline registered (default)
[    8.916507] io scheduler cfq registered
[    8.932775] pci_hotplug: PCI Hot Plug PCI Core version: 0.5
[    8.953907] pciehp: PCI Express Hot Plug Controller Driver version: 0.4
[    8.979265] ACPI: AC Adapter [AC] (off-line)
[    8.997014] input: Power Button as /devices/LNXSYSTM:00/LNXPWRBN:00/input/input0
[    9.024145] ACPI: Power Button [PWRF]
[    9.032677] input: Sleep Button as /devices/LNXSYSTM:00/LNXSLPBN:00/input/input1
[    9.055952] ACPI: Sleep Button [SLPF]
[    9.073137] GHES: HEST is not enabled!
[    9.077278] ACPI: Battery Slot [BAT0] (battery present)
[    9.103706] Serial: 8250/16550 driver, 32 ports, IRQ sharing enabled
[    9.180436] 00:02: ttyS0 at I/O 0x3f8 (irq = 4, base_baud = 115200) is a 16550A
[    9.214124] Linux agpgart interface v0.103
[    9.263576] loop: module loaded
[    9.286403] scsi host0: ata_piix
[    9.300638] scsi host1: ata_piix
[    9.311940] ata1: PATA max UDMA/33 cmd 0x1f0 ctl 0x3f6 bmdma 0xd000 irq 14
[    9.332475] ata2: PATA max UDMA/33 cmd 0x170 ctl 0x376 bmdma 0xd008 irq 15
[    9.352649] libphy: Fixed MDIO Bus: probed
[    9.369303] tun: Universal TUN/TAP device driver, 1.6
[    9.386158] tun: (C) 1999-2004 Max Krasnyansky <maxk@qualcomm.com>
[    9.406462] PPP generic driver version 2.4.2
[    9.422109] ehci_hcd: USB 2.0 'Enhanced' Host Controller (EHCI) Driver
[    9.445547] ehci-pci: EHCI PCI platform driver
[    9.463828] ehci-platform: EHCI generic platform driver
[    9.484190] ohci_hcd: USB 1.1 'Open' Host Controller (OHCI) Driver
[    9.508944] ohci-pci: OHCI PCI platform driver
[    9.527270] ohci-platform: OHCI generic platform driver
[    9.548587] uhci_hcd: USB Universal Host Controller Interface driver
[    9.570733] i8042: PNP: PS/2 Controller [PNP0303:PS2K,PNP0f03:PS2M] at 0x60,0x64 irq 1,12
[    9.611507] serio: i8042 KBD port at 0x60,0x64 irq 1
[    9.631256] serio: i8042 AUX port at 0x60,0x64 irq 12
[    9.651687] mousedev: PS/2 mouse device common for all mice
[    9.678696] input: AT Translated Set 2 keyboard as /devices/platform/i8042/serio0/input/input2
[    9.714116] rtc_cmos rtc_cmos: rtc core: registered rtc_cmos as rtc0
[    9.737813] rtc_cmos rtc_cmos: alarms up to one day, 114 bytes nvram
[    9.759442] i2c /dev entries driver
[    9.771608] device-mapper: uevent: version 1.0.3
[    9.789509] device-mapper: ioctl: 4.34.0-ioctl (2015-10-28) initialised: dm-devel@redhat.com
[    9.819396] ledtrig-cpu: registered to indicate activity on CPUs
[    9.852489] NET: Registered protocol family 10
[    9.870951] NET: Registered protocol family 17
[    9.886728] Key type dns_resolver registered
[    9.911552] registered taskstats version 1
[    9.926318] Loading compiled-in X.509 certificates
[    9.944368] Loaded X.509 cert 'Build time autogenerated kernel key: cf00e047681d67edb2720680708b7d9498083038'
[    9.979184] zswap: loaded using pool lzo/zbud
[   10.007788] Key type trusted registered
[   10.044578] Key type encrypted registered
[   10.058917] AppArmor: AppArmor sha1 policy hashing enabled
[   10.074740] ima: No TPM chip found, activating TPM-bypass!
[   10.093345] ima: Allocated hash algorithm: sha1
[   10.110048] evm: HMAC attrs: 0x1
[   10.126298]   Magic number: 15:81:331
[   10.139118] tty tty52: hash matches
[   10.153647] rtc_cmos rtc_cmos: setting system clock to 2023-03-06 13:20:51 UTC (1678108851)
[   10.183957] BIOS EDD facility v0.16 2004-Jun-25, 0 devices found
[   10.204415] EDD information not available.
[   10.226313] Freeing unused kernel memory: 1492K
[   10.255441] Write protecting the kernel read-only data: 14336k
[   10.282863] Freeing unused kernel memory: 1584K
[   10.303041] Freeing unused kernel memory: 52K
Loading, please wait...
starting version 229
[   10.399859] random: systemd-udevd: uninitialized urandom read (16 bytes read, 8 bits of entropy available)
[   10.401351] random: udevadm: uninitialized urandom read (16 bytes read, 8 bits of entropy available)
[   10.401381] random: udevadm: uninitialized urandom read (16 bytes read, 8 bits of entropy available)
[   10.432880] random: udevadm: uninitialized urandom read (16 bytes read, 8 bits of entropy available)
[   10.432965] random: udevadm: uninitialized urandom read (16 bytes read, 8 bits of entropy available)
[   10.433192] random: udevadm: uninitialized urandom read (16 bytes read, 8 bits of entropy available)
[   10.433480] random: udevadm: uninitialized urandom read (16 bytes read, 8 bits of entropy available)
[   10.433572] random: udevadm: uninitialized urandom read (16 bytes read, 8 bits of entropy available)
[   10.433656] random: udevadm: uninitialized urandom read (16 bytes read, 8 bits of entropy available)
[   10.433871] random: udevadm: uninitialized urandom read (16 bytes read, 8 bits of entropy available)
[   10.841353] e1000: Intel(R) PRO/1000 Network Driver - version 7.3.21-k8-NAPI
[   10.867272] e1000: Copyright (c) 1999-2006 Intel Corporation.
[   10.888942] Fusion MPT base driver 3.04.20
[   10.904472] Copyright (c) 1999-2008 LSI Corporation
[   11.028125] SSE version of gcm_enc/dec engaged.
[   11.058000] Fusion MPT SPI Host driver 3.04.20
[   11.275751] input: ImExPS/2 Generic Explorer Mouse as /devices/platform/i8042/serio1/input/input4
[   12.570445] e1000 0000:00:03.0 eth0: (PCI:33MHz:32-bit) 02:be:82:6b:cc:1d
[   12.593780] e1000 0000:00:03.0 eth0: Intel(R) PRO/1000 Network Connection
[   12.625449] e1000 0000:00:03.0 enp0s3: renamed from eth0
[   12.625497] mptbase: ioc0: Initiating bringup
[   12.718745] ioc0: LSI53C1030 A0: Capabilities={Initiator}
[   12.953178] scsi host2: ioc0: LSI53C1030 A0, FwRev=00000000h, Ports=1, MaxQ=256, IRQ=20
[   13.098017] scsi 2:0:0:0: Direct-Access     VBOX     HARDDISK         1.0  PQ: 0 ANSI: 5
[   13.125021] scsi target2:0:0: Beginning Domain Validation
[   13.169820] scsi target2:0:0: Domain Validation skipping write tests
[   13.190971] scsi target2:0:0: Ending Domain Validation
[   13.210726] scsi target2:0:0: asynchronous
[   13.234293] scsi 2:0:1:0: Direct-Access     VBOX     HARDDISK         1.0  PQ: 0 ANSI: 5
[   13.260351] scsi target2:0:1: Beginning Domain Validation
[   13.305932] scsi target2:0:1: Domain Validation skipping write tests
[   13.327206] scsi target2:0:1: Ending Domain Validation
[   13.346247] scsi target2:0:1: asynchronous
[   13.457781] sd 2:0:0:0: Attached scsi generic sg0 type 0
[   13.478654] sd 2:0:0:0: [sda] 83886080 512-byte logical blocks: (42.9 GB/40.0 GiB)
[   13.504349] sd 2:0:1:0: Attached scsi generic sg1 type 0
[   13.505854] sd 2:0:1:0: [sdb] 20480 512-byte logical blocks: (10.5 MB/10.0 MiB)
[   13.508843] sd 2:0:1:0: [sdb] Write Protect is off
[   13.509921] sd 2:0:0:0: [sda] Write Protect is off
[   13.510686] sd 2:0:1:0: [sdb] Incomplete mode parameter data
[   13.510688] sd 2:0:1:0: [sdb] Assuming drive cache: write through
[   13.511830] sd 2:0:0:0: [sda] Incomplete mode parameter data
[   13.511832] sd 2:0:0:0: [sda] Assuming drive cache: write through
[   13.541243]  sda: sda1
[   13.550132] sd 2:0:1:0: [sdb] Attached SCSI disk
[   13.554829] sd 2:0:0:0: [sda] Attached SCSI disk
Begin: Loading essential drivers ... [   16.501077] md: linear personality registered for level -1
[   16.529661] md: multipath personality registered for level -4
[   16.562369] md: raid0 personality registered for level 0
[   16.623901] md: raid1 personality registered for level 1
[   16.728161] raid6: sse2x1   gen()  4646 MB/s
[   16.807978] raid6: sse2x1   xor()  2869 MB/s
[   16.888506] raid6: sse2x2   gen()  5962 MB/s
[   16.968116] raid6: sse2x2   xor()  3828 MB/s
[   17.051910] raid6: sse2x4   gen()  6862 MB/s
[   17.128626] raid6: sse2x4   xor()  3435 MB/s
[   17.143691] raid6: using algorithm sse2x4 gen() 6862 MB/s
[   17.161524] raid6: .... xor() 3435 MB/s, rmw enabled
[   17.175259] raid6: using ssse3x2 recovery algorithm
[   17.198694] xor: measuring software checksum speed
